[23:14:04] [ServerMain/INFO]: [bootstrap] Running Java 21 (OpenJDK 64-Bit Server VM 21.0.5+11-Ubuntu-1ubuntu120.04; Ubuntu null) on Linux 6.5.0-1025-azure (amd64)
[23:14:04] [ServerMain/INFO]: [bootstrap] Loading Paper 1.21.1-57-master@b483da4 (2024-09-01T18:09:05Z) for Minecraft 1.21.1
[23:14:04] [ServerMain/INFO]: [PluginInitializerManager] Initializing plugins...
[23:14:04] [ServerMain/INFO]: [PluginInitializerManager] Initialized 0 plugins
[23:14:09] [ServerMain/INFO]: Environment: Environment[sessionHost=https://sessionserver.mojang.com, servicesHost=https://api.minecraftservices.com, name=PROD]
[23:14:11] [ServerMain/INFO]: Loaded 1290 recipes
[23:14:11] [ServerMain/INFO]: Loaded 1399 advancements
[23:14:11] [Server thread/INFO]: Starting minecraft server version 1.21.1
[23:14:11] [Server thread/INFO]: Loading properties
[23:14:11] [Server thread/INFO]: This server is running Paper version 1.21.1-57-master@b483da4 (2024-09-01T18:09:05Z) (Implementing API version 1.21.1-R0.1-SNAPSHOT)
[23:14:12] [Server thread/INFO]: [spark] This server bundles the spark profiler. For more information please visit https://docs.papermc.io/paper/profiling
[23:14:12] [Server thread/INFO]: Server Ping Player Sample Count: 12
[23:14:12] [Server thread/INFO]: Using 4 threads for Netty based IO
[23:14:13] [Server thread/INFO]: [ChunkTaskScheduler] Chunk system is using 1 I/O threads, 1 worker threads, and population gen parallelism of 1 threads
[23:14:13] [Server thread/INFO]: Default game type: SURVIVAL
[23:14:13] [Server thread/INFO]: Generating keypair
[23:14:13] [Server thread/INFO]: Starting Minecraft server on *:25565
[23:14:13] [Server thread/INFO]: Using epoll channel type
[23:14:13] [Server thread/INFO]: Paper: Using libdeflate (Linux x86_64) compression from Velocity.
[23:14:13] [Server thread/INFO]: Paper: Using OpenSSL 1.1.x (Linux x86_64) cipher from Velocity.
[23:14:13] [Server thread/INFO]: Server permissions file permissions.yml is empty, ignoring it
[23:14:13] [Server thread/WARN]: **** SERVER IS RUNNING IN OFFLINE/INSECURE MODE!
[23:14:13] [Server thread/WARN]: The server will make no attempt to authenticate usernames. Beware.
[23:14:13] [Server thread/WARN]: While this makes the game possible to play without internet access, it also opens up the ability for hackers to connect with any username they choose.
[23:14:13] [Server thread/WARN]: To change this, set "online-mode" to "true" in the server.properties file.
[23:14:13] [Server thread/INFO]: Preparing level "world"
[23:14:14] [Server thread/INFO]: Preparing start region for dimension minecraft:overworld
[23:14:15] [Server thread/INFO]: Time elapsed: 1534 ms
[23:14:15] [Server thread/INFO]: Preparing start region for dimension minecraft:the_nether
[23:14:15] [Server thread/INFO]: Time elapsed: 170 ms
[23:14:15] [Server thread/INFO]: Preparing start region for dimension minecraft:the_end
[23:14:15] [Server thread/INFO]: Time elapsed: 84 ms
[23:14:16] [Server thread/INFO]: [spark] Starting background profiler...
[23:14:16] [Server thread/INFO]: Done preparing level "world" (2.442s)
[23:14:16] [Server thread/INFO]: Running delayed init tasks
[23:14:16] [Server thread/INFO]: Done (12.486s)! For help, type "help"
[23:14:16] [Server thread/INFO]: Timings Reset
